<?xml version="1.0" encoding="UTF-8" standalone="no"?><testsuite errors="1" failures="0" name="as a RentingColombia project's i need created a source payment" skipped="0" tests="1" time="0.75" timestamp="2022-08-25 09:24:42"><testcase name="Created payment source"><error message="Unrecognized token 'Request': was expecting (JSON String, Number, Array, Object or token 'null', 'true' or 'false')&#10; at [Source: (String)&quot;Request from this ip address is not allowed&quot;; line: 1, column: 8]" type="com.fasterxml.jackson.core.JsonParseException">Unrecognized token 'Request': was expecting (JSON String, Number, Array, Object or token 'null', 'true' or 'false')
 at [Source: (String)"Request from this ip address is not allowed"; line: 1, column: 8]</error><system-err>Unrecognized token 'Request': was expecting (JSON String, Number, Array, Object or token 'null', 'true' or 'false')
 at [Source: (String)"Request from this ip address is not allowed"; line: 1, column: 8]&#13;
com.fasterxml.jackson.core.JsonParser._constructError(JsonParser.java:2391)&#13;
com.fasterxml.jackson.core.base.ParserMinimalBase._reportError(ParserMinimalBase.java:745)&#13;
com.fasterxml.jackson.core.json.ReaderBasedJsonParser._reportInvalidToken(ReaderBasedJsonParser.java:2961)&#13;
com.fasterxml.jackson.core.json.ReaderBasedJsonParser._handleOddValue(ReaderBasedJsonParser.java:2002)&#13;
com.fasterxml.jackson.core.json.ReaderBasedJsonParser.nextToken(ReaderBasedJsonParser.java:802)&#13;
com.fasterxml.jackson.databind.ObjectMapper._initForReading(ObjectMapper.java:4761)&#13;
com.fasterxml.jackson.databind.ObjectMapper._readMapAndClose(ObjectMapper.java:4667)&#13;
com.fasterxml.jackson.databind.ObjectMapper.readValue(ObjectMapper.java:3629)&#13;
io.restassured.internal.path.json.mapping.JsonPathJackson2ObjectDeserializer.deserialize(JsonPathJackson2ObjectDeserializer.groovy:46)&#13;
io.restassured.internal.mapping.Jackson2Mapper.deserialize(Jackson2Mapper.groovy:58)&#13;
io.restassured.internal.mapping.ObjectMapping.parseWithJackson2(ObjectMapping.groovy:238)&#13;
io.restassured.internal.mapping.ObjectMapping.deserialize(ObjectMapping.groovy:59)&#13;
io.restassured.internal.RestAssuredResponseOptionsGroovyImpl.as(RestAssuredResponseOptionsGroovyImpl.groovy:231)&#13;
io.restassured.internal.RestAssuredResponseOptionsImpl.as(RestAssuredResponseOptionsImpl.java:169)&#13;
net.serenitybdd.rest.decorators.ResponseDecorated.as(ResponseDecorated.java:62)&#13;
com.rentingcolombia.certification.proxywompi.tasks.Authenticate.performAs(Authenticate.java:26)&#13;
com.rentingcolombia.certification.proxywompi.definitions.GeneralDefinitions.theUserGetsToken(GeneralDefinitions.java:27)&#13;
io.cucumber.java.Invoker.doInvoke(Invoker.java:66)&#13;
io.cucumber.java.Invoker.invoke(Invoker.java:24)&#13;
io.cucumber.java.AbstractGlueDefinition.invokeMethod(AbstractGlueDefinition.java:47)&#13;
io.cucumber.java.JavaStepDefinition.execute(JavaStepDefinition.java:29)&#13;
io.cucumber.core.runner.CoreStepDefinition.execute(CoreStepDefinition.java:66)&#13;
io.cucumber.core.runner.PickleStepDefinitionMatch.runStep(PickleStepDefinitionMatch.java:63)&#13;
io.cucumber.core.runner.TestStep.executeStep(TestStep.java:92)&#13;
io.cucumber.core.runner.TestStep.run(TestStep.java:64)&#13;
io.cucumber.core.runner.PickleStepTestStep.run(PickleStepTestStep.java:51)&#13;
io.cucumber.core.runner.TestCase.run(TestCase.java:104)&#13;
io.cucumber.core.runner.Runner.runPickle(Runner.java:73)&#13;
io.cucumber.junit.FeatureRunner.runChild(FeatureRunner.java:135)&#13;
io.cucumber.junit.FeatureRunner.runChild(FeatureRunner.java:27)&#13;
io.cucumber.junit.CucumberSerenityRunner.runChild(CucumberSerenityRunner.java:259)&#13;
io.cucumber.junit.CucumberSerenityRunner.runChild(CucumberSerenityRunner.java:58)&#13;
worker.org.gradle.process.internal.worker.GradleWorkerMain.run(GradleWorkerMain.java:69)&#13;
worker.org.gradle.process.internal.worker.GradleWorkerMain.main(GradleWorkerMain.java:74)&#13;
</system-err></testcase></testsuite>